<?xml version="1.0" encoding="UTF-8"?>
<testsuite xmlns:xsi="http://www.w3.org/2001/XMLSchema-instance" xsi:noNamespaceSchemaLocation="https://maven.apache.org/surefire/maven-surefire-plugin/xsd/surefire-test-report.xsd" version="3.0.2" name="com.projectaccounts.errorhandling.exceptions.ExceptionTest" time="0.006" tests="7" errors="0" skipped="0" failures="0">
  <properties>
[...]
</properties>
  <testcase name="forbiddenExceptionShouldReturn403" classname="com.projectaccounts.errorhandling.exceptions.ExceptionTest" time="0.001"/>
  <testcase name="resourceNotFoundExceptionShouldReturn404" classname="com.projectaccounts.errorhandling.exceptions.ExceptionTest" time="0.001"/>
  <testcase name="exceptionWithCustomErrorCodeShouldUseProvidedCode" classname="com.projectaccounts.errorhandling.exceptions.ExceptionTest" time="0.001"/>
  <testcase name="conflictExceptionShouldReturn409" classname="com.projectaccounts.errorhandling.exceptions.ExceptionTest" time="0.001"/>
  <testcase name="unauthorizedExceptionShouldReturn401" classname="com.projectaccounts.errorhandling.exceptions.ExceptionTest" time="0.0"/>
  <testcase name="validationExceptionWithDetailsShouldIncludeFieldErrors" classname="com.projectaccounts.errorhandling.exceptions.ExceptionTest" time="0.0"/>
  <testcase name="validationExceptionShouldReturnBadRequestStatus" classname="com.projectaccounts.errorhandling.exceptions.ExceptionTest" time="0.001"/>
</testsuite>